<?xml version="1.0" encoding="UTF-8"?>
<!-- Generated by org.testng.reporters.JUnitReportReporter -->
<testsuite hostname="RajeshK" failures="0" tests="1" name="ApplicationTestCases.primusbanklogintestcase" time="4.150" errors="0" timestamp="03 Dec 2018 13:21:39 GMT" skipped="0">
  <testcase classname="ApplicationTestCases.primusbanklogintestcase" name="login" time="4.150"/>
</testsuite> <!-- ApplicationTestCases.primusbanklogintestcase -->
